Arguments: 
  C:\Program Files\nodejs\node.exe C:\Program Files (x86)\Yarn\bin\yarn.js upgrade

PATH: 
  C:\Python39\Scripts\;C:\Python39\;C:\Windows\system32;C:\Windows;C:\Windows\System32\Wbem;C:\Windows\System32\WindowsPowerShell\v1.0\;C:\Windows\System32\OpenSSH\;C:\Program Files (x86)\OpenVPN\bin;C:\Program Files\Git\cmd;C:\ProgramData\chocolatey\bin;C:\Program Files (x86)\Yarn\bin\;C:\Program Files\nodejs\;C:\Program Files\Docker\Docker\resources\bin;C:\ProgramData\DockerDesktop\version-bin;%USERPROFILE%\AppData\Local\Microsoft\WindowsApps;C:\Users\tabat\AppData\Local\Yarn\bin;C:\Users\tabat\AppData\Local\Programs\Microsoft VS Code\bin;C:\Users\tabat\AppData\Roaming\npm;C:\Users\tabat\AppData\Local\hyper\app-3.0.2\resources\bin

Yarn version: 
  1.22.5

Node version: 
  14.17.3

Platform: 
  win32 x64

Trace: 
  SyntaxError: C:\Users\tabat\OneDrive\Área de Trabalho\famiglia\backend\package.json: Unexpected string in JSON at position 203
      at JSON.parse (<anonymous>)
      at C:\Program Files (x86)\Yarn\lib\cli.js:1625:59
      at Generator.next (<anonymous>)
      at step (C:\Program Files (x86)\Yarn\lib\cli.js:310:30)
      at C:\Program Files (x86)\Yarn\lib\cli.js:321:13

npm manifest: 
  {
    "name": "rest",
    "version": "1.0.0",
    "description": "curso de rest api",
    "main": "index.js",
    "name": "my-package",
    "scripts": {
      "test": "echo \"Error: no test specified\" && exit 1"
      "dev": "nodemon src/server.js",,
      "build": "babel src -d lib",
    },
  
    "keywords": [
      "node",
      "tutorial"
    ],
    "author": "Tábata Glória",
    "license": "ISC",
    "dependencies": {
      "body-parser": "^1.19.0",
      "express": "^4.17.1",
      "morgan": "^1.10.0",
      "mysql": "^2.18.1",
      "mysql2": "^2.3.2",
      "sequelize": "^6.7.0"
    },
    "devDependencies": {
      "nodemon": "^2.0.13",
      "sequelize-cli": "^6.2.0"
    },

yarn manifest: 
  No manifest

Lockfile: 
  No lockfile
